2021-01-23 14:30:15,220 INFO org.springframework.boot.StartupInfoLogger [main] Starting TodoApplication using Java 12.0.2 on l-bkash-3183-ubu with PID 11986 (/home/salahin/GitRepo/ToDoApp/back-end/target/classes started by salahin in /home/salahin/GitRepo/ToDoApp)
2021-01-23 14:30:15,223 DEBUG org.springframework.boot.StartupInfoLogger [main] Running with Spring Boot v2.4.2, Spring v5.3.3
2021-01-23 14:30:15,224 INFO org.springframework.boot.SpringApplication [main] No active profile set, falling back to default profiles: default
2021-01-23 14:30:15,850 INFO org.springframework.data.repository.config.RepositoryConfigurationDelegate [main] Bootstrapping Spring Data JPA repositories in DEFAULT mode.
2021-01-23 14:30:15,859 INFO org.springframework.data.repository.config.RepositoryConfigurationDelegate [main] Finished Spring Data repository scanning in 4 ms. Found 0 JPA repository interfaces.
2021-01-23 14:30:16,158 INFO org.springframework.boot.web.embedded.tomcat.TomcatWebServer [main] Tomcat initialized with port(s): 3000 (http)
2021-01-23 14:30:16,164 INFO org.apache.juli.logging.DirectJDKLog [main] Initializing ProtocolHandler ["http-nio-127.0.0.1-3000"]
2021-01-23 14:30:16,164 INFO org.apache.juli.logging.DirectJDKLog [main] Starting service [Tomcat]
2021-01-23 14:30:16,164 INFO org.apache.juli.logging.DirectJDKLog [main] Starting Servlet engine: [Apache Tomcat/9.0.41]
2021-01-23 14:30:16,217 INFO org.apache.juli.logging.DirectJDKLog [main] Initializing Spring embedded WebApplicationContext
2021-01-23 14:30:16,218 INFO org.springframework.boot.web.servlet.context.ServletWebServerApplicationContext [main] Root WebApplicationContext: initialization completed in 947 ms
2021-01-23 14:30:16,336 INFO org.hibernate.jpa.internal.util.LogHelper [main] HHH000204: Processing PersistenceUnitInfo [name: default]
2021-01-23 14:30:16,361 INFO org.hibernate.Version [main] HHH000412: Hibernate ORM core version 5.4.27.Final
2021-01-23 14:30:16,422 INFO org.hibernate.annotations.common.reflection.java.JavaReflectionManager [main] HCANN000001: Hibernate Commons Annotations {5.1.2.Final}
2021-01-23 14:30:16,474 INFO com.zaxxer.hikari.HikariDataSource [main] HikariPool-1 - Starting...
2021-01-23 14:30:16,651 INFO com.zaxxer.hikari.HikariDataSource [main] HikariPool-1 - Start completed.
2021-01-23 14:30:16,660 INFO org.hibernate.dialect.Dialect [main] HHH000400: Using dialect: org.hibernate.dialect.PostgreSQL9Dialect
2021-01-23 14:30:17,037 INFO org.hibernate.engine.transaction.jta.platform.internal.JtaPlatformInitiator [main] HHH000490: Using JtaPlatform implementation: [org.hibernate.engine.transaction.jta.platform.internal.NoJtaPlatform]
2021-01-23 14:30:17,042 INFO org.springframework.orm.jpa.AbstractEntityManagerFactoryBean [main] Initialized JPA EntityManagerFactory for persistence unit 'default'
2021-01-23 14:30:17,189 INFO org.springframework.scheduling.concurrent.ExecutorConfigurationSupport [main] Initializing ExecutorService 'applicationTaskExecutor'
2021-01-23 14:30:17,315 INFO org.apache.juli.logging.DirectJDKLog [main] Starting ProtocolHandler ["http-nio-127.0.0.1-3000"]
2021-01-23 14:30:17,325 INFO org.springframework.boot.web.embedded.tomcat.TomcatWebServer [main] Tomcat started on port(s): 3000 (http) with context path ''
2021-01-23 14:30:17,335 INFO org.springframework.boot.StartupInfoLogger [main] Started TodoApplication in 2.511 seconds (JVM running for 3.061)
2021-01-23 14:30:21,946 INFO org.springframework.scheduling.concurrent.ExecutorConfigurationSupport [SpringContextShutdownHook] Shutting down ExecutorService 'applicationTaskExecutor'
2021-01-23 14:30:21,947 INFO org.springframework.orm.jpa.AbstractEntityManagerFactoryBean [SpringContextShutdownHook] Closing JPA EntityManagerFactory for persistence unit 'default'
2021-01-23 14:30:21,948 INFO com.zaxxer.hikari.HikariDataSource [SpringContextShutdownHook] HikariPool-1 - Shutdown initiated...
2021-01-23 14:30:21,965 INFO com.zaxxer.hikari.HikariDataSource [SpringContextShutdownHook] HikariPool-1 - Shutdown completed.
2021-01-23 14:36:48,715 INFO org.springframework.boot.StartupInfoLogger [main] Starting TodoApplication using Java 12.0.2 on l-bkash-3183-ubu with PID 13652 (/home/salahin/GitRepo/ToDoApp/back-end/target/classes started by salahin in /home/salahin/GitRepo/ToDoApp)
2021-01-23 14:36:48,718 DEBUG org.springframework.boot.StartupInfoLogger [main] Running with Spring Boot v2.4.2, Spring v5.3.3
2021-01-23 14:36:48,719 INFO org.springframework.boot.SpringApplication [main] No active profile set, falling back to default profiles: default
2021-01-23 14:36:49,340 INFO org.springframework.data.repository.config.RepositoryConfigurationDelegate [main] Bootstrapping Spring Data JPA repositories in DEFAULT mode.
2021-01-23 14:36:49,348 INFO org.springframework.data.repository.config.RepositoryConfigurationDelegate [main] Finished Spring Data repository scanning in 4 ms. Found 0 JPA repository interfaces.
2021-01-23 14:36:49,668 INFO org.springframework.boot.web.embedded.tomcat.TomcatWebServer [main] Tomcat initialized with port(s): 3000 (http)
2021-01-23 14:36:49,675 INFO org.apache.juli.logging.DirectJDKLog [main] Initializing ProtocolHandler ["http-nio-127.0.0.1-3000"]
2021-01-23 14:36:49,675 INFO org.apache.juli.logging.DirectJDKLog [main] Starting service [Tomcat]
2021-01-23 14:36:49,675 INFO org.apache.juli.logging.DirectJDKLog [main] Starting Servlet engine: [Apache Tomcat/9.0.41]
2021-01-23 14:36:49,735 INFO org.apache.juli.logging.DirectJDKLog [main] Initializing Spring embedded WebApplicationContext
2021-01-23 14:36:49,735 INFO org.springframework.boot.web.servlet.context.ServletWebServerApplicationContext [main] Root WebApplicationContext: initialization completed in 950 ms
2021-01-23 14:36:49,869 INFO org.hibernate.jpa.internal.util.LogHelper [main] HHH000204: Processing PersistenceUnitInfo [name: default]
2021-01-23 14:36:49,919 INFO org.hibernate.Version [main] HHH000412: Hibernate ORM core version 5.4.27.Final
2021-01-23 14:36:50,041 INFO org.hibernate.annotations.common.reflection.java.JavaReflectionManager [main] HCANN000001: Hibernate Commons Annotations {5.1.2.Final}
2021-01-23 14:36:50,105 INFO com.zaxxer.hikari.HikariDataSource [main] HikariPool-1 - Starting...
2021-01-23 14:36:50,318 INFO com.zaxxer.hikari.HikariDataSource [main] HikariPool-1 - Start completed.
2021-01-23 14:36:50,327 INFO org.hibernate.dialect.Dialect [main] HHH000400: Using dialect: org.hibernate.dialect.PostgreSQL9Dialect
2021-01-23 14:36:50,661 INFO org.hibernate.engine.transaction.jta.platform.internal.JtaPlatformInitiator [main] HHH000490: Using JtaPlatform implementation: [org.hibernate.engine.transaction.jta.platform.internal.NoJtaPlatform]
2021-01-23 14:36:50,666 INFO org.springframework.orm.jpa.AbstractEntityManagerFactoryBean [main] Initialized JPA EntityManagerFactory for persistence unit 'default'
2021-01-23 14:36:50,796 INFO org.springframework.scheduling.concurrent.ExecutorConfigurationSupport [main] Initializing ExecutorService 'applicationTaskExecutor'
2021-01-23 14:36:50,919 INFO org.apache.juli.logging.DirectJDKLog [main] Starting ProtocolHandler ["http-nio-127.0.0.1-3000"]
2021-01-23 14:36:50,928 INFO org.springframework.boot.web.embedded.tomcat.TomcatWebServer [main] Tomcat started on port(s): 3000 (http) with context path ''
2021-01-23 14:36:50,936 INFO org.springframework.boot.StartupInfoLogger [main] Started TodoApplication in 2.641 seconds (JVM running for 3.245)
2021-01-23 14:36:59,649 INFO org.springframework.scheduling.concurrent.ExecutorConfigurationSupport [SpringContextShutdownHook] Shutting down ExecutorService 'applicationTaskExecutor'
2021-01-23 14:36:59,650 INFO org.springframework.orm.jpa.AbstractEntityManagerFactoryBean [SpringContextShutdownHook] Closing JPA EntityManagerFactory for persistence unit 'default'
2021-01-23 14:36:59,651 INFO com.zaxxer.hikari.HikariDataSource [SpringContextShutdownHook] HikariPool-1 - Shutdown initiated...
2021-01-23 14:36:59,662 INFO com.zaxxer.hikari.HikariDataSource [SpringContextShutdownHook] HikariPool-1 - Shutdown completed.
2021-01-23 14:39:27,562 INFO org.springframework.boot.StartupInfoLogger [main] Starting TodoApplication using Java 12.0.2 on l-bkash-3183-ubu with PID 14324 (/home/salahin/GitRepo/ToDoApp/back-end/target/classes started by salahin in /home/salahin/GitRepo/ToDoApp)
2021-01-23 14:39:27,565 DEBUG org.springframework.boot.StartupInfoLogger [main] Running with Spring Boot v2.4.2, Spring v5.3.3
2021-01-23 14:39:27,566 INFO org.springframework.boot.SpringApplication [main] No active profile set, falling back to default profiles: default
2021-01-23 14:39:28,149 INFO org.springframework.data.repository.config.RepositoryConfigurationDelegate [main] Bootstrapping Spring Data JPA repositories in DEFAULT mode.
2021-01-23 14:39:28,158 INFO org.springframework.data.repository.config.RepositoryConfigurationDelegate [main] Finished Spring Data repository scanning in 4 ms. Found 0 JPA repository interfaces.
2021-01-23 14:39:28,441 INFO org.springframework.boot.web.embedded.tomcat.TomcatWebServer [main] Tomcat initialized with port(s): 3000 (http)
2021-01-23 14:39:28,446 INFO org.apache.juli.logging.DirectJDKLog [main] Initializing ProtocolHandler ["http-nio-127.0.0.1-3000"]
2021-01-23 14:39:28,447 INFO org.apache.juli.logging.DirectJDKLog [main] Starting service [Tomcat]
2021-01-23 14:39:28,447 INFO org.apache.juli.logging.DirectJDKLog [main] Starting Servlet engine: [Apache Tomcat/9.0.41]
2021-01-23 14:39:28,500 INFO org.apache.juli.logging.DirectJDKLog [main] Initializing Spring embedded WebApplicationContext
2021-01-23 14:39:28,500 INFO org.springframework.boot.web.servlet.context.ServletWebServerApplicationContext [main] Root WebApplicationContext: initialization completed in 890 ms
2021-01-23 14:39:28,606 INFO org.hibernate.jpa.internal.util.LogHelper [main] HHH000204: Processing PersistenceUnitInfo [name: default]
2021-01-23 14:39:28,629 INFO org.hibernate.Version [main] HHH000412: Hibernate ORM core version 5.4.27.Final
2021-01-23 14:39:28,692 INFO org.hibernate.annotations.common.reflection.java.JavaReflectionManager [main] HCANN000001: Hibernate Commons Annotations {5.1.2.Final}
2021-01-23 14:39:28,742 INFO com.zaxxer.hikari.HikariDataSource [main] HikariPool-1 - Starting...
2021-01-23 14:39:28,909 INFO com.zaxxer.hikari.HikariDataSource [main] HikariPool-1 - Start completed.
2021-01-23 14:39:28,918 INFO org.hibernate.dialect.Dialect [main] HHH000400: Using dialect: org.hibernate.dialect.PostgreSQL9Dialect
2021-01-23 14:39:29,242 INFO org.hibernate.engine.transaction.jta.platform.internal.JtaPlatformInitiator [main] HHH000490: Using JtaPlatform implementation: [org.hibernate.engine.transaction.jta.platform.internal.NoJtaPlatform]
2021-01-23 14:39:29,246 INFO org.springframework.orm.jpa.AbstractEntityManagerFactoryBean [main] Initialized JPA EntityManagerFactory for persistence unit 'default'
2021-01-23 14:39:29,370 INFO org.springframework.scheduling.concurrent.ExecutorConfigurationSupport [main] Initializing ExecutorService 'applicationTaskExecutor'
2021-01-23 14:39:29,481 INFO org.apache.juli.logging.DirectJDKLog [main] Starting ProtocolHandler ["http-nio-127.0.0.1-3000"]
2021-01-23 14:39:29,493 INFO org.springframework.boot.web.embedded.tomcat.TomcatWebServer [main] Tomcat started on port(s): 3000 (http) with context path ''
2021-01-23 14:39:29,502 INFO org.springframework.boot.StartupInfoLogger [main] Started TodoApplication in 2.318 seconds (JVM running for 2.85)
2021-01-23 14:39:33,113 INFO org.springframework.scheduling.concurrent.ExecutorConfigurationSupport [SpringContextShutdownHook] Shutting down ExecutorService 'applicationTaskExecutor'
2021-01-23 14:39:33,114 INFO org.springframework.orm.jpa.AbstractEntityManagerFactoryBean [SpringContextShutdownHook] Closing JPA EntityManagerFactory for persistence unit 'default'
2021-01-23 14:39:33,116 INFO com.zaxxer.hikari.HikariDataSource [SpringContextShutdownHook] HikariPool-1 - Shutdown initiated...
2021-01-23 14:39:33,135 INFO com.zaxxer.hikari.HikariDataSource [SpringContextShutdownHook] HikariPool-1 - Shutdown completed.
